<?xml version="1.0" encoding="UTF-8"?>
<!-- Generated by org.testng.reporters.JUnitXMLReporter -->
<testsuite hostname="DESKTOP-IUV45J7" ignored="0" name="MaventestngTest" tests="3" failures="0" timestamp="20 Feb 2019 06:00:52 GMT" time="0.04" errors="0">
  <testcase name="@BeforeSuite openBrowser" time="7.943" classname="com.model.mv.Mercurytstest1">
    <failure type="org.openqa.selenium.WebDriverException" message="unknown error: cannot find Chrome binary
  (Driver info: chromedriver=2.45.615291 (ec3682e3c9061c10f26ea9e5cdcf3c53f3f74387),platform=Windows NT 10.0.17134 x86_64) (WARNING: The server did not provide any stacktrace information)
Command duration or timeout: 470 milliseconds
Build info: version: &amp;apos;3.141.59&amp;apos;, revision: &amp;apos;e82be7d358&amp;apos;, time: &amp;apos;2018-11-14T08:17:03&amp;apos;
System info: host: &amp;apos;DESKTOP-IUV45J7&amp;apos;, ip: &amp;apos;192.168.0.125&amp;apos;, os.name: &amp;apos;Windows 10&amp;apos;, os.arch: &amp;apos;amd64&amp;apos;, os.version: &amp;apos;10.0&amp;apos;, java.version: &amp;apos;1.8.0_77&amp;apos;
Driver info: driver.version: ChromeDriver">
      <![CDATA[org.openqa.selenium.WebDriverException: unknown error: cannot find Chrome binary
  (Driver info: chromedriver=2.45.615291 (ec3682e3c9061c10f26ea9e5cdcf3c53f3f74387),platform=Windows NT 10.0.17134 x86_64) (WARNING: The server did not provide any stacktrace information)
Command duration or timeout: 470 milliseconds
Build info: version: '3.141.59', revision: 'e82be7d358', time: '2018-11-14T08:17:03'
System info: host: 'DESKTOP-IUV45J7', ip: '192.168.0.125', os.name: 'Windows 10', os.arch: 'amd64', os.version: '10.0', java.version: '1.8.0_77'
Driver info: driver.version: ChromeDriver
at org.openqa.selenium.remote.ErrorHandler.createThrowable(ErrorHandler.java:214)
at org.openqa.selenium.remote.ErrorHandler.throwIfResponseFailed(ErrorHandler.java:166)
at org.openqa.selenium.remote.JsonWireProtocolResponse.lambda$errorHandler$0(JsonWireProtocolResponse.java:54)
at org.openqa.selenium.remote.HandshakeResponse.lambda$getResponseFunction$0(HandshakeResponse.java:30)
at org.openqa.selenium.remote.ProtocolHandshake.lambda$createSession$0(ProtocolHandshake.java:126)
at java.util.stream.ReferencePipeline$3$1.accept(ReferencePipeline.java:193)
at java.util.Spliterators$ArraySpliterator.tryAdvance(Spliterators.java:958)
at java.util.stream.ReferencePipeline.forEachWithCancel(ReferencePipeline.java:126)
at java.util.stream.AbstractPipeline.copyIntoWithCancel(AbstractPipeline.java:498)
at java.util.stream.AbstractPipeline.copyInto(AbstractPipeline.java:485)
at java.util.stream.AbstractPipeline.wrapAndCopyInto(AbstractPipeline.java:471)
at java.util.stream.FindOps$FindOp.evaluateSequential(FindOps.java:152)
at java.util.stream.AbstractPipeline.evaluate(AbstractPipeline.java:234)
at java.util.stream.ReferencePipeline.findFirst(ReferencePipeline.java:464)
at org.openqa.selenium.remote.ProtocolHandshake.createSession(ProtocolHandshake.java:128)
at org.openqa.selenium.remote.ProtocolHandshake.createSession(ProtocolHandshake.java:74)
at org.openqa.selenium.remote.HttpCommandExecutor.execute(HttpCommandExecutor.java:136)
at org.openqa.selenium.remote.service.DriverCommandExecutor.execute(DriverCommandExecutor.java:83)
at org.openqa.selenium.remote.RemoteWebDriver.execute(RemoteWebDriver.java:552)
at org.openqa.selenium.remote.RemoteWebDriver.startSession(RemoteWebDriver.java:213)
at org.openqa.selenium.remote.RemoteWebDriver.<init>(RemoteWebDriver.java:131)
at org.openqa.selenium.chrome.ChromeDriver.<init>(ChromeDriver.java:181)
at org.openqa.selenium.chrome.ChromeDriver.<init>(ChromeDriver.java:168)
at org.openqa.selenium.chrome.ChromeDriver.<init>(ChromeDriver.java:123)
at com.model.mv.Mercurytstest1.openBrowser(Mercurytstest1.java:134)
... Removed 27 stack frames]]>
    </failure>
  </testcase> <!-- @BeforeSuite openBrowser -->
  <testcase name="@BeforeTest enterApplicationurl" time="0.0" classname="com.model.mv.Mercurytstest1">
    <skipped/>
  </testcase> <!-- @BeforeTest enterApplicationurl -->
  <testcase name="@BeforeClass maximixeBrowser" time="0.0" classname="com.model.mv.Mercurytstest1">
    <skipped/>
  </testcase> <!-- @BeforeClass maximixeBrowser -->
  <testcase name="@BeforeMethod getAllcookies" time="0.0" classname="com.model.mv.Mercurytstest1">
    <skipped/>
  </testcase> <!-- @BeforeMethod getAllcookies -->
  <testcase name="@AfterMethod captureScrrenshot" time="0.0" classname="com.model.mv.Mercurytstest1">
    <skipped/>
  </testcase> <!-- @AfterMethod captureScrrenshot -->
  <testcase name="@BeforeMethod getAllcookies" time="0.0" classname="com.model.mv.Mercurytstest1">
    <skipped/>
  </testcase> <!-- @BeforeMethod getAllcookies -->
  <testcase name="@AfterMethod captureScrrenshot" time="0.0" classname="com.model.mv.Mercurytstest1">
    <skipped/>
  </testcase> <!-- @AfterMethod captureScrrenshot -->
  <testcase name="@BeforeMethod getAllcookies" time="0.0" classname="com.model.mv.Mercurytstest1">
    <skipped/>
  </testcase> <!-- @BeforeMethod getAllcookies -->
  <testcase name="@AfterMethod captureScrrenshot" time="0.0" classname="com.model.mv.Mercurytstest1">
    <skipped/>
  </testcase> <!-- @AfterMethod captureScrrenshot -->
  <testcase name="@AfterClass deconnectionClosed" time="0.0" classname="com.model.mv.Mercurytstest1">
    <skipped/>
  </testcase> <!-- @AfterClass deconnectionClosed -->
  <testcase name="@AfterTest deleteAllcookies" time="0.0" classname="com.model.mv.Mercurytstest1">
    <skipped/>
  </testcase> <!-- @AfterTest deleteAllcookies -->
  <testcase name="loginwithValidds" time="0.0" classname="com.model.mv.Mercurytstest1">
    <skipped/>
  </testcase> <!-- loginwithValidds -->
  <testcase name="loginwithValidds1" time="0.0" classname="com.model.mv.Mercurytstest1">
    <skipped/>
  </testcase> <!-- loginwithValidds1 -->
  <testcase name="loginwithInvalidds" time="0.0" classname="com.model.mv.Mercurytstest1">
    <skipped/>
  </testcase> <!-- loginwithInvalidds -->
</testsuite> <!-- MaventestngTest -->
